[     456ms] [WARNING] Clerk: Clerk has been loaded with development keys. Development instances have strict usage limits and should not be used when deploying your application to production. Learn more: https://clerk.com/docs/deployments/overview @ https://casual-filly-85.clerk.accounts.dev/npm/@clerk/clerk-js@6/dist/clerk.browser.js:11
[   19114ms] [WARNING] Clerk: Clerk has been loaded with development keys. Development instances have strict usage limits and should not be used when deploying your application to production. Learn more: https://clerk.com/docs/deployments/overview @ https://casual-filly-85.clerk.accounts.dev/npm/@clerk/clerk-js@6/dist/clerk.browser.js:11
[   22395ms] [WARNING] Clerk: Clerk has been loaded with development keys. Development instances have strict usage limits and should not be used when deploying your application to production. Learn more: https://clerk.com/docs/deployments/overview @ https://casual-filly-85.clerk.accounts.dev/npm/@clerk/clerk-js@6/dist/clerk.browser.js:11
[   26112ms] [WARNING] Clerk: Clerk has been loaded with development keys. Development instances have strict usage limits and should not be used when deploying your application to production. Learn more: https://clerk.com/docs/deployments/overview @ https://casual-filly-85.clerk.accounts.dev/npm/@clerk/clerk-js@6/dist/clerk.browser.js:11
[   29227ms] Error: [nuqs] nuqs requires an adapter to work with your framework.
  See https://nuqs.dev/NUQS-404
    at Object.useAdapter (https://salesforce-consulting-sdlc-app.vercel.app/_next/static/chunks/1264m.q9jr1eo.js:2:81)
    at https://salesforce-consulting-sdlc-app.vercel.app/_next/static/chunks/1264m.q9jr1eo.js:2:8997
    at parse (https://salesforce-consulting-sdlc-app.vercel.app/_next/static/chunks/1264m.q9jr1eo.js:2:9011)
    at https://salesforce-consulting-sdlc-app.vercel.app/_next/static/chunks/1264m.q9jr1eo.js:2:12092
    at a (https://salesforce-consulting-sdlc-app.vercel.app/_next/static/chunks/1264m.q9jr1eo.js:2:12962)
    at https://salesforce-consulting-sdlc-app.vercel.app/_next/static/chunks/1264m.q9jr1eo.js:2:23455
    at ay (https://salesforce-consulting-sdlc-app.vercel.app/_next/static/chunks/0rwwge57xnfls.js:1:56839)
    at oZ (https://salesforce-consulting-sdlc-app.vercel.app/_next/static/chunks/0rwwge57xnfls.js:1:77096)
    at iu (https://salesforce-consulting-sdlc-app.vercel.app/_next/static/chunks/0rwwge57xnfls.js:1:87688)
    at sd (https://salesforce-consulting-sdlc-app.vercel.app/_next/static/chunks/0rwwge57xnfls.js:1:131938)
[   29390ms] [WARNING] Clerk: Clerk has been loaded with development keys. Development instances have strict usage limits and should not be used when deploying your application to production. Learn more: https://clerk.com/docs/deployments/overview @ https://casual-filly-85.clerk.accounts.dev/npm/@clerk/clerk-js@6/dist/clerk.browser.js:11
[   63160ms] [WARNING] Clerk: Clerk has been loaded with development keys. Development instances have strict usage limits and should not be used when deploying your application to production. Learn more: https://clerk.com/docs/deployments/overview @ https://casual-filly-85.clerk.accounts.dev/npm/@clerk/clerk-js@6/dist/clerk.browser.js:11
[   66561ms] [WARNING] Clerk: Clerk has been loaded with development keys. Development instances have strict usage limits and should not be used when deploying your application to production. Learn more: https://clerk.com/docs/deployments/overview @ https://casual-filly-85.clerk.accounts.dev/npm/@clerk/clerk-js@6/dist/clerk.browser.js:11
[   70888ms] Error: [nuqs] nuqs requires an adapter to work with your framework.
  See https://nuqs.dev/NUQS-404
    at Object.useAdapter (https://salesforce-consulting-sdlc-app.vercel.app/_next/static/chunks/14osi9-oowsrb.js:2:81)
    at https://salesforce-consulting-sdlc-app.vercel.app/_next/static/chunks/14osi9-oowsrb.js:2:8997
    at parse (https://salesforce-consulting-sdlc-app.vercel.app/_next/static/chunks/14osi9-oowsrb.js:2:9011)
    at https://salesforce-consulting-sdlc-app.vercel.app/_next/static/chunks/14osi9-oowsrb.js:2:12092
    at i (https://salesforce-consulting-sdlc-app.vercel.app/_next/static/chunks/14osi9-oowsrb.js:2:12962)
    at https://salesforce-consulting-sdlc-app.vercel.app/_next/static/chunks/14osi9-oowsrb.js:2:29458
    at ay (https://salesforce-consulting-sdlc-app.vercel.app/_next/static/chunks/0rwwge57xnfls.js:1:56839)
    at oZ (https://salesforce-consulting-sdlc-app.vercel.app/_next/static/chunks/0rwwge57xnfls.js:1:77096)
    at iu (https://salesforce-consulting-sdlc-app.vercel.app/_next/static/chunks/0rwwge57xnfls.js:1:87688)
    at sd (https://salesforce-consulting-sdlc-app.vercel.app/_next/static/chunks/0rwwge57xnfls.js:1:131938)
[   71035ms] [WARNING] Clerk: Clerk has been loaded with development keys. Development instances have strict usage limits and should not be used when deploying your application to production. Learn more: https://clerk.com/docs/deployments/overview @ https://casual-filly-85.clerk.accounts.dev/npm/@clerk/clerk-js@6/dist/clerk.browser.js:11
[  104311ms] [WARNING] Clerk: Clerk has been loaded with development keys. Development instances have strict usage limits and should not be used when deploying your application to production. Learn more: https://clerk.com/docs/deployments/overview @ https://casual-filly-85.clerk.accounts.dev/npm/@clerk/clerk-js@6/dist/clerk.browser.js:11
[  107816ms] [WARNING] Clerk: Clerk has been loaded with development keys. Development instances have strict usage limits and should not be used when deploying your application to production. Learn more: https://clerk.com/docs/deployments/overview @ https://casual-filly-85.clerk.accounts.dev/npm/@clerk/clerk-js@6/dist/clerk.browser.js:11
[  111801ms] [WARNING] Clerk: Clerk has been loaded with development keys. Development instances have strict usage limits and should not be used when deploying your application to production. Learn more: https://clerk.com/docs/deployments/overview @ https://casual-filly-85.clerk.accounts.dev/npm/@clerk/clerk-js@6/dist/clerk.browser.js:11
[  115067ms] [WARNING] Clerk: Clerk has been loaded with development keys. Development instances have strict usage limits and should not be used when deploying your application to production. Learn more: https://clerk.com/docs/deployments/overview @ https://casual-filly-85.clerk.accounts.dev/npm/@clerk/clerk-js@6/dist/clerk.browser.js:11
[  118573ms] [VERBOSE] [DOM] Input elements should have autocomplete attributes (suggested: "current-password"): (More info: https://goo.gl/9p2vKq) %o @ https://salesforce-consulting-sdlc-app.vercel.app/projects/l15ie8bsdib4nhrthwa2w5rl/settings:0
[  118777ms] [WARNING] Clerk: Clerk has been loaded with development keys. Development instances have strict usage limits and should not be used when deploying your application to production. Learn more: https://clerk.com/docs/deployments/overview @ https://casual-filly-85.clerk.accounts.dev/npm/@clerk/clerk-js@6/dist/clerk.browser.js:11
